<?xml version="1.0" encoding="UTF-8"?>
<!-- Generated by org.testng.reporters.JUnitReportReporter -->
<testsuite hostname="LAPTOP-41DVHJA9" failures="0" tests="1" name="Multiple_suits.yahoo_suit" time="6.260" errors="0" timestamp="2021-10-02T19:36:50 IST" skipped="0">
  <testcase classname="Multiple_suits.yahoo_suit" name="test_login" time="6.260"/>
  <system-out/>
</testsuite> <!-- Multiple_suits.yahoo_suit -->
