<?xml version="1.0" encoding="UTF-8"?>
<!-- Generated by org.testng.reporters.JUnitReportReporter -->
<testsuite hostname="LAPTOP-41DVHJA9" failures="0" tests="2" name="D8.Data_provider_static_parameter" time="54.259" errors="0" timestamp="2021-09-30T19:17:53 IST" skipped="0">
  <testcase classname="D8.Data_provider_static_parameter" name="Login_Test" time="30.529"/>
  <system-out/>
  <testcase classname="D8.Data_provider_static_parameter" name="Login_Test" time="23.730"/>
  <system-out/>
</testsuite> <!-- D8.Data_provider_static_parameter -->
