<?xml version="1.0" encoding="UTF-8"?>
<!-- Generated by org.testng.reporters.JUnitReportReporter -->
<testsuite hostname="LAPTOP-41DVHJA9" failures="0" tests="1" name="D9_1.Testexample" time="12.906" errors="0" timestamp="2021-10-01T10:52:56 IST" skipped="0">
  <testcase classname="D9_1.Testexample" name="Test2" time="12.906"/>
  <system-out>
    <![CDATA[Pass- open Orangehrm1
Pass- Enter User Name1
Pass- Enter Password1
Pass- Click on Signin1]]>
  </system-out>
</testsuite> <!-- D9_1.Testexample -->
