<?xml version="1.0" encoding="UTF-8"?>
<!-- Generated by org.testng.reporters.JUnitReportReporter -->
<testsuite hostname="LAPTOP-41DVHJA9" failures="0" tests="1" name="D4.TC02_Login_NonStatic_Example" time="37.556" errors="0" timestamp="2021-09-29T22:03:03 IST" skipped="0">
  <testcase classname="D4.TC02_Login_NonStatic_Example" name="Login_Test" time="37.556"/>
  <system-out/>
</testsuite> <!-- D4.TC02_Login_NonStatic_Example -->
