<?xml version="1.0" encoding="UTF-8"?>
<!-- Generated by org.testng.reporters.JUnitReportReporter -->
<testsuite hostname="LAPTOP-41DVHJA9" failures="0" tests="1" name="file_updoad_download.file_upload" time="47.757" errors="0" timestamp="2021-10-06T05:44:26 IST" skipped="0">
  <testcase classname="file_updoad_download.file_upload" name="File_upload" time="47.757"/>
  <system-out/>
</testsuite> <!-- file_updoad_download.file_upload -->
