<?xml version="1.0" encoding="UTF-8"?>
<!-- Generated by org.testng.reporters.JUnitReportReporter -->
<testsuite hostname="LAPTOP-41DVHJA9" failures="0" tests="1" name="D9_Katalon_recorder.Katalon_1" time="16.087" errors="0" timestamp="2021-10-01T13:37:51 IST" skipped="0">
  <testcase classname="D9_Katalon_recorder.Katalon_1" name="testTC01" time="16.087"/>
  <system-out/>
</testsuite> <!-- D9_Katalon_recorder.Katalon_1 -->
