<?xml version="1.0" encoding="UTF-8"?>
<!-- Generated by org.testng.reporters.JUnitReportReporter -->
<testsuite hostname="LAPTOP-41DVHJA9" failures="0" tests="1" name="Takescreenshot.Test2" time="11.453" errors="0" timestamp="2021-10-09T17:07:00 IST" skipped="0">
  <testcase classname="Takescreenshot.Test2" name="AddNationalitiess" time="11.453"/>
  <system-out/>
</testsuite> <!-- Takescreenshot.Test2 -->
