<?xml version="1.0" encoding="UTF-8"?>
<!-- Generated by org.testng.reporters.JUnitReportReporter -->
<testsuite hostname="LAPTOP-41DVHJA9" failures="0" tests="1" name="s1.Test1" time="3.813" errors="0" timestamp="2021-09-29T16:20:07 IST" skipped="0">
  <testcase classname="s1.Test1" name="shouldAnswerWithTrue" time="3.813"/>
  <system-out/>
</testsuite> <!-- s1.Test1 -->
