<?xml version="1.0" encoding="UTF-8"?>
<!-- Generated by org.testng.reporters.JUnitReportReporter -->
<testsuite hostname="LAPTOP-41DVHJA9" failures="0" tests="1" name="D5.TC02_name" time="9.237" errors="0" timestamp="2021-09-30T16:56:22 IST" skipped="0">
  <testcase classname="D5.TC02_name" name="Test2" time="9.237"/>
  <system-out/>
</testsuite> <!-- D5.TC02_name -->
