<?xml version="1.0" encoding="UTF-8"?>
<!-- Generated by org.testng.reporters.JUnitReportReporter -->
<testsuite hostname="LAPTOP-41DVHJA9" failures="0" tests="2" name="D9.Data_provider_static_parameter" time="80.299" errors="0" timestamp="2021-09-30T21:44:10 IST" skipped="0">
  <testcase classname="D9.Data_provider_static_parameter" name="Login_Test" time="43.542"/>
  <system-out/>
  <testcase classname="D9.Data_provider_static_parameter" name="Login_Test" time="36.757"/>
  <system-out/>
</testsuite> <!-- D9.Data_provider_static_parameter -->
