<?xml version="1.0" encoding="UTF-8"?>
<!-- Generated by org.testng.reporters.JUnitReportReporter -->
<testsuite hostname="LAPTOP-41DVHJA9" failures="0" tests="1" name="D5.TC07_className" time="13.866" errors="0" timestamp="2021-09-30T08:01:03 IST" skipped="0">
  <testcase classname="D5.TC07_className" name="Test2" time="13.866"/>
  <system-out/>
</testsuite> <!-- D5.TC07_className -->
