<?xml version="1.0" encoding="UTF-8"?>
<!-- Generated by org.testng.reporters.JUnitReportReporter -->
<testsuite hostname="LAPTOP-41DVHJA9" failures="0" tests="1" name="Actions_class.Drag_and_drop" time="10.219" errors="0" timestamp="2021-10-06T15:57:39 IST" skipped="0">
  <testcase classname="Actions_class.Drag_and_drop" name="Login_Test" time="10.219"/>
  <system-out/>
</testsuite> <!-- Actions_class.Drag_and_drop -->
