<?xml version="1.0" encoding="UTF-8"?>
<!-- Generated by org.testng.reporters.JUnitReportReporter -->
<testsuite hostname="LAPTOP-41DVHJA9" failures="0" tests="1" name="D9_1.D010" time="19.574" errors="0" timestamp="2021-10-01T07:15:40 IST" skipped="0">
  <testcase classname="D9_1.D010" name="Test2" time="19.574"/>
  <system-out>
    <![CDATA[Pass- open Orangehrm1
Pass- Enter User Name1
Pass- Enter Password1
Pass- Click on Signin1]]>
  </system-out>
</testsuite> <!-- D9_1.D010 -->
