<?xml version="1.0" encoding="UTF-8"?>
<!-- Generated by org.testng.reporters.JUnitReportReporter -->
<testsuite hostname="LAPTOP-41DVHJA9" failures="0" tests="1" name="D4.TC01_Login_Static" time="22.827" errors="0" timestamp="2021-09-29T21:38:53 IST" skipped="0">
  <testcase classname="D4.TC01_Login_Static" name="loginTest" time="22.827"/>
  <system-out/>
</testsuite> <!-- D4.TC01_Login_Static -->
