<?xml version="1.0" encoding="UTF-8"?>
<!-- Generated by org.testng.reporters.JUnitReportReporter -->
<testsuite hostname="LAPTOP-41DVHJA9" failures="0" tests="1" name="D5.TC03_xpath" time="16.105" errors="0" timestamp="2021-09-30T07:55:44 IST" skipped="0">
  <testcase classname="D5.TC03_xpath" name="Test2" time="16.105"/>
  <system-out/>
</testsuite> <!-- D5.TC03_xpath -->
