<?xml version="1.0" encoding="UTF-8"?>
<!-- Generated by org.testng.reporters.JUnitReportReporter -->
<testsuite hostname="LAPTOP-41DVHJA9" failures="0" tests="1" name="frames.Switch_By_FrameName" time="5.995" errors="0" timestamp="2021-10-03T10:19:09 IST" skipped="0">
  <testcase classname="frames.Switch_By_FrameName" name="Login_Test" time="5.995"/>
  <system-out/>
</testsuite> <!-- frames.Switch_By_FrameName -->
