<?xml version="1.0" encoding="UTF-8"?>
<!-- Generated by org.testng.reporters.JUnitReportReporter -->
<testsuite hostname="LAPTOP-41DVHJA9" failures="0" tests="3" name="D7.Dataprovider2" time="85.553" errors="0" timestamp="2021-09-30T18:03:05 IST" skipped="0">
  <testcase classname="D7.Dataprovider2" name="test" time="25.748"/>
  <system-out/>
  <testcase classname="D7.Dataprovider2" name="test" time="20.203"/>
  <system-out/>
  <testcase classname="D7.Dataprovider2" name="test" time="39.602"/>
  <system-out/>
</testsuite> <!-- D7.Dataprovider2 -->
