<?xml version="1.0" encoding="UTF-8"?>
<!-- Generated by org.testng.reporters.JUnitReportReporter -->
<testsuite hostname="LAPTOP-41DVHJA9" failures="0" tests="1" name="Takescreenshot.test" time="17.401" errors="0" timestamp="2021-10-09T17:25:23 IST" skipped="0">
  <testcase classname="Takescreenshot.test" name="AddNationalitiess" time="17.401"/>
  <system-out/>
</testsuite> <!-- Takescreenshot.test -->
