<?xml version="1.0" encoding="UTF-8"?>
<!-- Generated by org.testng.reporters.JUnitReportReporter -->
<testsuite hostname="LAPTOP-41DVHJA9" failures="0" tests="1" name="Java_script_executer.Byelement" time="15.705" errors="0" timestamp="2021-10-06T17:56:03 IST" skipped="0">
  <testcase classname="Java_script_executer.Byelement" name="Login" time="15.705"/>
  <system-out/>
</testsuite> <!-- Java_script_executer.Byelement -->
