<?xml version="1.0" encoding="UTF-8"?>
<!-- Generated by org.testng.reporters.JUnitReportReporter -->
<testsuite hostname="LAPTOP-41DVHJA9" failures="0" tests="1" name="Day_008_Emailable_Report.TestExample1" time="0.000" errors="0" timestamp="2021-10-01T10:47:50 IST" skipped="1">
  <testcase classname="Day_008_Emailable_Report.TestExample1" name="Test2" time="0.000">
    <skipped/>
  </testcase> <!-- Test2 -->
  <system-out/>
</testsuite> <!-- Day_008_Emailable_Report.TestExample1 -->
