<?xml version="1.0" encoding="UTF-8"?>
<!-- Generated by org.testng.reporters.JUnitReportReporter -->
<testsuite hostname="LAPTOP-41DVHJA9" failures="0" tests="1" name="D9_TestNG_Parameter.TestNG_Parameter1" time="29.218" errors="0" timestamp="2021-10-01T18:24:02 IST" skipped="0">
  <testcase classname="D9_TestNG_Parameter.TestNG_Parameter1" name="Login_Test" time="29.218"/>
  <system-out/>
</testsuite> <!-- D9_TestNG_Parameter.TestNG_Parameter1 -->
