<?xml version="1.0" encoding="UTF-8"?>
<!-- Generated by org.testng.reporters.JUnitReportReporter -->
<testsuite hostname="LAPTOP-41DVHJA9" failures="0" tests="1" name="Parallel_classes.Add_Locations" time="19.215" errors="0" timestamp="2021-10-02T09:38:50 IST" skipped="0">
  <testcase classname="Parallel_classes.Add_Locations" name="test_login" time="19.215"/>
  <system-out/>
</testsuite> <!-- Parallel_classes.Add_Locations -->
