<?xml version="1.0" encoding="UTF-8"?>
<!-- Generated by org.testng.reporters.JUnitReportReporter -->
<testsuite hostname="LAPTOP-41DVHJA9" failures="0" tests="1" name="Actions_class.Mouse_over" time="12.710" errors="0" timestamp="2021-10-06T15:26:39 IST" skipped="0">
  <testcase classname="Actions_class.Mouse_over" name="Login_Test" time="12.710"/>
  <system-out/>
</testsuite> <!-- Actions_class.Mouse_over -->
