<?xml version="1.0" encoding="UTF-8"?>
<!-- Generated by org.testng.reporters.JUnitReportReporter -->
<testsuite hostname="LAPTOP-41DVHJA9" failures="0" tests="1" name="D2.Login_test" time="19.301" errors="0" timestamp="2021-09-29T21:22:33 IST" skipped="0">
  <testcase classname="D2.Login_test" name="LoginTest" time="19.301"/>
  <system-out/>
</testsuite> <!-- D2.Login_test -->
