<?xml version="1.0" encoding="UTF-8"?>
<!-- Generated by org.testng.reporters.JUnitReportReporter -->
<testsuite hostname="LAPTOP-41DVHJA9" failures="0" tests="1" name="file_updoad_download.photo_existing" time="47.596" errors="0" timestamp="2021-10-05T21:23:58 IST" skipped="0">
  <testcase classname="file_updoad_download.photo_existing" name="AddEmployee_call_allmethods" time="47.596"/>
  <system-out/>
</testsuite> <!-- file_updoad_download.photo_existing -->
