<?xml version="1.0" encoding="UTF-8"?>
<!-- Generated by org.testng.reporters.JUnitReportReporter -->
<testsuite hostname="LAPTOP-41DVHJA9" failures="0" tests="1" name="Actions_class.Double_click" time="6.193" errors="0" timestamp="2021-10-06T15:32:50 IST" skipped="0">
  <testcase classname="Actions_class.Double_click" name="Login_Test" time="6.193"/>
  <system-out/>
</testsuite> <!-- Actions_class.Double_click -->
