<?xml version="1.0" encoding="UTF-8"?>
<!-- Generated by org.testng.reporters.JUnitReportReporter -->
<testsuite hostname="LAPTOP-41DVHJA9" failures="0" tests="1" name="Day_028_WebTable_Examples.Exportjobs$ExportEmployees" time="24.609" errors="0" timestamp="2021-10-11T19:25:10 IST" skipped="0">
  <testcase classname="Day_028_WebTable_Examples.Exportjobs$ExportEmployees" name="ExportAllEmployees" time="24.609"/>
  <system-out/>
</testsuite> <!-- Day_028_WebTable_Examples.Exportjobs$ExportEmployees -->
