<?xml version="1.0" encoding="UTF-8"?>
<!-- Generated by org.testng.reporters.JUnitReportReporter -->
<testsuite hostname="LAPTOP-41DVHJA9" failures="0" tests="1" name="page_objectmodel.POM_locations" time="16.895" errors="0" timestamp="2021-10-12T18:57:46 IST" skipped="0">
  <testcase classname="page_objectmodel.POM_locations" name="LOCATIONS" time="16.895"/>
  <system-out/>
</testsuite> <!-- page_objectmodel.POM_locations -->
