<?xml version="1.0" encoding="UTF-8"?>
<!-- Generated by org.testng.reporters.JUnitReportReporter -->
<testsuite hostname="LAPTOP-41DVHJA9" failures="0" tests="1" name="page_objectmodel.POM_addskills" time="11.536" errors="0" timestamp="2021-10-05T14:48:13 IST" skipped="0">
  <testcase classname="page_objectmodel.POM_addskills" name="Addskills" time="11.536"/>
  <system-out/>
</testsuite> <!-- page_objectmodel.POM_addskills -->
