<?xml version="1.0" encoding="UTF-8"?>
<!-- Generated by org.testng.reporters.JUnitReportReporter -->
<testsuite hostname="LAPTOP-41DVHJA9" failures="0" tests="1" name="D9_2.Exrentreport_test" time="11.269" errors="0" timestamp="2021-10-01T12:27:31 IST" skipped="0">
  <testcase classname="D9_2.Exrentreport_test" name="Report3_Test" time="11.269"/>
  <system-out/>
</testsuite> <!-- D9_2.Exrentreport_test -->
