<?xml version="1.0" encoding="UTF-8"?>
<!-- Generated by org.testng.reporters.JUnitReportReporter -->
<testsuite hostname="LAPTOP-41DVHJA9" failures="0" tests="1" name="Actions_class.single_user" time="6.040" errors="0" timestamp="2021-10-06T15:22:34 IST" skipped="0">
  <testcase classname="Actions_class.single_user" name="Login_Test" time="6.040"/>
  <system-out/>
</testsuite> <!-- Actions_class.single_user -->
