<?xml version="1.0" encoding="UTF-8"?>
<!-- Generated by org.testng.reporters.JUnitReportReporter -->
<testsuite hostname="LAPTOP-41DVHJA9" failures="0" tests="1" name="D5.TC06_cssSelector" time="12.805" errors="0" timestamp="2021-09-30T07:59:43 IST" skipped="0">
  <testcase classname="D5.TC06_cssSelector" name="Test2" time="12.805"/>
  <system-out/>
</testsuite> <!-- D5.TC06_cssSelector -->
