<?xml version="1.0" encoding="UTF-8"?>
<!-- Generated by org.testng.reporters.JUnitReportReporter -->
<testsuite hostname="LAPTOP-41DVHJA9" failures="0" tests="1" name="D1.Day01" time="5.772" errors="0" timestamp="2021-09-29T21:58:29 IST" skipped="0">
  <testcase classname="D1.Day01" name="shouldAnswerWithTrue" time="5.772"/>
  <system-out/>
</testsuite> <!-- D1.Day01 -->
