<?xml version="1.0" encoding="UTF-8"?>
<!-- Generated by org.testng.reporters.JUnitReportReporter -->
<testsuite hostname="LAPTOP-41DVHJA9" failures="0" tests="1" name="Parallel_classes.Add_jobs" time="24.122" errors="0" timestamp="2021-10-02T09:31:31 IST" skipped="0">
  <testcase classname="Parallel_classes.Add_jobs" name="test_login1" time="24.122"/>
  <system-out/>
</testsuite> <!-- Parallel_classes.Add_jobs -->
