<?xml version="1.0" encoding="UTF-8"?>
<!-- Generated by org.testng.reporters.JUnitReportReporter -->
<testsuite hostname="LAPTOP-41DVHJA9" failures="0" tests="1" name="Java_script_executer.By_pixel" time="6.666" errors="0" timestamp="2021-10-06T21:59:12 IST" skipped="0">
  <testcase classname="Java_script_executer.By_pixel" name="ByPixel" time="6.666"/>
  <system-out/>
</testsuite> <!-- Java_script_executer.By_pixel -->
