<?xml version="1.0" encoding="UTF-8"?>
<!-- Generated by org.testng.reporters.JUnitReportReporter -->
<testsuite hostname="LAPTOP-41DVHJA9" failures="0" tests="1" name="Event_FIRING.WEB_ELEMENT_BORDER" time="18.884" errors="0" timestamp="2021-10-12T18:55:37 IST" skipped="0">
  <testcase classname="Event_FIRING.WEB_ELEMENT_BORDER" name="Login_Test" time="18.884"/>
  <system-out/>
</testsuite> <!-- Event_FIRING.WEB_ELEMENT_BORDER -->
