<?xml version="1.0" encoding="UTF-8"?>
<!-- Generated by org.testng.reporters.JUnitReportReporter -->
<testsuite hostname="LAPTOP-41DVHJA9" failures="0" tests="1" name="frames.Switch_Frame_By_WebElement" time="6.244" errors="0" timestamp="2021-10-03T10:31:39 IST" skipped="0">
  <testcase classname="frames.Switch_Frame_By_WebElement" name="Login_Test" time="6.244"/>
  <system-out/>
</testsuite> <!-- frames.Switch_Frame_By_WebElement -->
