<?xml version="1.0" encoding="UTF-8"?>
<!-- Generated by org.testng.reporters.JUnitReportReporter -->
<testsuite hostname="LAPTOP-41DVHJA9" failures="0" tests="1" name="D4.Login_Static" time="20.027" errors="0" timestamp="2021-09-30T16:59:56 IST" skipped="0">
  <testcase classname="D4.Login_Static" name="loginTest" time="20.027"/>
  <system-out/>
</testsuite> <!-- D4.Login_Static -->
