<?xml version="1.0" encoding="UTF-8"?>
<!-- Generated by org.testng.reporters.JUnitReportReporter -->
<testsuite hostname="LAPTOP-41DVHJA9" failures="0" tests="2" name="D7.Data_providers" time="87.953" errors="0" timestamp="2021-09-30T17:18:15 IST" skipped="0">
  <testcase classname="D7.Data_providers" name="Test1" time="33.952"/>
  <system-out/>
  <testcase classname="D7.Data_providers" name="Test1" time="54.001"/>
  <system-out/>
</testsuite> <!-- D7.Data_providers -->
