<?xml version="1.0" encoding="UTF-8"?>
<!-- Generated by org.testng.reporters.JUnitReportReporter -->
<testsuite hostname="LAPTOP-41DVHJA9" failures="0" tests="1" name="Day_028_WebTable_Examples.ExportEmployees" time="21.482" errors="0" timestamp="2021-10-11T16:36:04 IST" skipped="0">
  <testcase classname="Day_028_WebTable_Examples.ExportEmployees" name="ExportAllEmployees" time="21.482"/>
  <system-out/>
</testsuite> <!-- Day_028_WebTable_Examples.ExportEmployees -->
